\BOOKMARK [0][-]{chapter*.1}{\376\377\000P\000r\000e\000f\000a\000c\000e}{}% 1
\BOOKMARK [0][-]{chapter.1}{\376\377\000I\000n\000t\000r\000o\000d\000u\000c\000t\000i\000o\000n}{}% 2
\BOOKMARK [0][-]{chapter.2}{\376\377\000I\000n\000t\000r\000o\000d\000u\000c\000t\000i\000o\000n\000\040\000t\000o\000\040\000R\000\040\000P\000r\000o\000g\000r\000a\000m\000m\000i\000n\000g}{}% 3
\BOOKMARK [1][-]{section.2.1}{\376\377\000I\000n\000t\000r\000o\000d\000u\000c\000t\000i\000o\000n\000\040\000t\000o\000\040\000R}{chapter.2}% 4
\BOOKMARK [1][-]{section.2.2}{\376\377\000I\000n\000s\000t\000a\000l\000l\000i\000n\000g\000\040\000R\000\040\000a\000n\000d\000\040\000R\000S\000t\000u\000d\000i\000o}{chapter.2}% 5
\BOOKMARK [1][-]{section.2.3}{\376\377\000I\000n\000s\000t\000a\000l\000l\000i\000n\000g\000\040\000R}{chapter.2}% 6
\BOOKMARK [2][-]{subsection.2.3.1}{\376\377\000W\000i\000n\000d\000o\000w\000s}{section.2.3}% 7
\BOOKMARK [2][-]{subsection.2.3.2}{\376\377\000M\000a\000c\000\040\000O\000S\000\040\000X}{section.2.3}% 8
\BOOKMARK [2][-]{subsection.2.3.3}{\376\377\000L\000i\000n\000u\000x}{section.2.3}% 9
\BOOKMARK [1][-]{section.2.4}{\376\377\000I\000n\000s\000t\000a\000l\000l\000i\000n\000g\000\040\000R\000S\000t\000u\000d\000i\000o}{chapter.2}% 10
\BOOKMARK [2][-]{subsection.2.4.1}{\376\377\000W\000i\000n\000d\000o\000w\000s\000\040\000a\000n\000d\000\040\000M\000a\000c}{section.2.4}% 11
\BOOKMARK [2][-]{subsection.2.4.2}{\376\377\000L\000i\000n\000u\000x}{section.2.4}% 12
\BOOKMARK [1][-]{section.2.5}{\376\377\000O\000v\000e\000r\000v\000i\000e\000w\000\040\000o\000f\000\040\000R\000\040\000P\000a\000c\000k\000a\000g\000e\000s}{chapter.2}% 13
\BOOKMARK [1][-]{section.2.6}{\376\377\000I\000n\000s\000t\000a\000l\000l\000i\000n\000g\000\040\000R\000\040\000P\000a\000c\000k\000a\000g\000e\000s}{chapter.2}% 14
\BOOKMARK [2][-]{subsection.2.6.1}{\376\377\000E\000x\000a\000m\000p\000l\000e\000\040\000o\000f\000\040\000I\000n\000s\000t\000a\000l\000l\000i\000n\000g\000\040\000a\000\040\000P\000a\000c\000k\000a\000g\000e}{section.2.6}% 15
\BOOKMARK [2][-]{subsection.2.6.2}{\376\377\000L\000o\000a\000d\000i\000n\000g\000\040\000a\000n\000\040\000I\000n\000s\000t\000a\000l\000l\000e\000d\000\040\000P\000a\000c\000k\000a\000g\000e}{section.2.6}% 16
\BOOKMARK [1][-]{section.2.7}{\376\377\000C\000o\000m\000m\000o\000n\000l\000y\000\040\000U\000s\000e\000d\000\040\000P\000a\000c\000k\000a\000g\000e\000s}{chapter.2}% 17
\BOOKMARK [1][-]{section.2.8}{\376\377\000B\000a\000s\000i\000c\000\040\000C\000o\000n\000f\000i\000g\000u\000r\000a\000t\000i\000o\000n\000\040\000T\000i\000p\000s\000\040\000f\000o\000r\000\040\000R\000S\000t\000u\000d\000i\000o}{chapter.2}% 18
\BOOKMARK [1][-]{section.2.9}{\376\377\000C\000o\000d\000e\000\040\000E\000x\000e\000c\000u\000t\000i\000o\000n}{chapter.2}% 19
\BOOKMARK [1][-]{section.2.10}{\376\377\000P\000a\000c\000k\000a\000g\000e\000s}{chapter.2}% 20
\BOOKMARK [1][-]{section.2.11}{\376\377\000B\000a\000s\000i\000c\000\040\000R\000\040\000S\000y\000n\000t\000a\000x}{chapter.2}% 21
\BOOKMARK [1][-]{section.2.12}{\376\377\000V\000a\000r\000i\000a\000b\000l\000e\000s\000\040\000i\000n\000\040\000R}{chapter.2}% 22
\BOOKMARK [1][-]{section.2.13}{\376\377\000D\000a\000t\000a\000\040\000T\000y\000p\000e\000s\000\040\000i\000n\000\040\000R}{chapter.2}% 23
\BOOKMARK [2][-]{subsection.2.13.1}{\376\377\000N\000u\000m\000e\000r\000i\000c}{section.2.13}% 24
\BOOKMARK [2][-]{subsection.2.13.2}{\376\377\000C\000h\000a\000r\000a\000c\000t\000e\000r}{section.2.13}% 25
\BOOKMARK [2][-]{subsection.2.13.3}{\376\377\000F\000a\000c\000t\000o\000r}{section.2.13}% 26
\BOOKMARK [2][-]{subsection.2.13.4}{\376\377\000L\000o\000g\000i\000c\000a\000l}{section.2.13}% 27
\BOOKMARK [1][-]{section.2.14}{\376\377\000I\000n\000t\000r\000o\000d\000u\000c\000t\000i\000o\000n}{chapter.2}% 28
\BOOKMARK [1][-]{section.2.15}{\376\377\000A\000r\000i\000t\000h\000m\000e\000t\000i\000c\000\040\000O\000p\000e\000r\000a\000t\000o\000r\000s}{chapter.2}% 29
\BOOKMARK [2][-]{subsection.2.15.1}{\376\377\000E\000x\000a\000m\000p\000l\000e\000s}{section.2.15}% 30
\BOOKMARK [1][-]{section.2.16}{\376\377\000R\000e\000l\000a\000t\000i\000o\000n\000a\000l\000\040\000O\000p\000e\000r\000a\000t\000o\000r\000s}{chapter.2}% 31
\BOOKMARK [2][-]{subsection.2.16.1}{\376\377\000E\000x\000a\000m\000p\000l\000e\000s}{section.2.16}% 32
\BOOKMARK [1][-]{section.2.17}{\376\377\000L\000o\000g\000i\000c\000a\000l\000\040\000O\000p\000e\000r\000a\000t\000o\000r\000s}{chapter.2}% 33
\BOOKMARK [2][-]{subsection.2.17.1}{\376\377\000E\000x\000a\000m\000p\000l\000e\000s}{section.2.17}% 34
\BOOKMARK [1][-]{section.2.18}{\376\377\000V\000e\000c\000t\000o\000r\000s\000\040\000i\000n\000\040\000R}{chapter.2}% 35
\BOOKMARK [2][-]{subsection.2.18.1}{\376\377\000E\000x\000a\000m\000p\000l\000e\000\040\000o\000f\000\040\000a\000\040\000N\000u\000m\000e\000r\000i\000c\000\040\000V\000e\000c\000t\000o\000r}{section.2.18}% 36
\BOOKMARK [2][-]{subsection.2.18.2}{\376\377\000E\000x\000a\000m\000p\000l\000e\000\040\000o\000f\000\040\000a\000\040\000C\000h\000a\000r\000a\000c\000t\000e\000r\000\040\000V\000e\000c\000t\000o\000r}{section.2.18}% 37
\BOOKMARK [2][-]{subsection.2.18.3}{\376\377\000I\000n\000t\000e\000g\000e\000r}{section.2.18}% 38
\BOOKMARK [2][-]{subsection.2.18.4}{\376\377\000C\000h\000a\000r\000a\000c\000t\000e\000r}{section.2.18}% 39
\BOOKMARK [2][-]{subsection.2.18.5}{\376\377\000C\000r\000e\000a\000t\000i\000n\000g\000\040\000a\000\040\000V\000e\000c\000t\000o\000r}{section.2.18}% 40
\BOOKMARK [2][-]{subsection.2.18.6}{\376\377\000C\000l\000a\000s\000s\000\040\000o\000f\000\040\000V\000e\000c\000t\000o\000r}{section.2.18}% 41
\BOOKMARK [2][-]{subsection.2.18.7}{\376\377\000A\000d\000d\000i\000n\000g\000\040\000V\000e\000c\000t\000o\000r\000s\000\040\000o\000f\000\040\000D\000i\000f\000f\000e\000r\000e\000n\000t\000\040\000T\000y\000p\000e\000s}{section.2.18}% 42
\BOOKMARK [2][-]{subsection.2.18.8}{\376\377\000A\000c\000c\000e\000s\000s\000i\000n\000g\000\040\000E\000l\000e\000m\000e\000n\000t\000s\000\040\000o\000f\000\040\000V\000e\000c\000t\000o\000r\000s}{section.2.18}% 43
\BOOKMARK [2][-]{subsection.2.18.9}{\376\377\000C\000r\000e\000a\000t\000i\000n\000g\000\040\000V\000e\000c\000t\000o\000r\000\040\000U\000s\000i\000n\000g\000\040\000I\000n\000-\000B\000u\000i\000l\000t\000\040\000F\000u\000n\000c\000t\000i\000o\000n\000s}{section.2.18}% 44
\BOOKMARK [2][-]{subsection.2.18.10}{\376\377\000L\000e\000t\040\031\000s\000\040\000T\000r\000y\000\040\000t\000o\000\040\000R\000e\000p\000e\000a\000t\000\040\000V\000e\000c\000t\000o\000r\000s}{section.2.18}% 45
\BOOKMARK [2][-]{subsection.2.18.11}{\376\377\000A\000r\000i\000t\000h\000m\000e\000t\000i\000c\000\040\000O\000p\000e\000r\000a\000t\000o\000r\000s\000\040\000i\000n\000\040\000V\000e\000c\000t\000o\000r\000s\000\040\000i\000n\000\040\000R}{section.2.18}% 46
\BOOKMARK [1][-]{section.2.19}{\376\377\000I\000n\000t\000r\000o\000d\000u\000c\000t\000i\000o\000n\000\040\000t\000o\000\040\000D\000a\000t\000a\000\040\000F\000r\000a\000m\000e\000s\000\040\000i\000n\000\040\000R}{chapter.2}% 47
\BOOKMARK [2][-]{subsection.2.19.1}{\376\377\000C\000h\000a\000r\000a\000c\000t\000e\000r\000i\000s\000t\000i\000c\000s\000\040\000o\000f\000\040\000D\000a\000t\000a\000\040\000F\000r\000a\000m\000e\000s}{section.2.19}% 48
\BOOKMARK [1][-]{section.2.20}{\376\377\000S\000t\000e\000p\000s\000\040\000F\000o\000r\000\040\000C\000r\000e\000a\000t\000i\000n\000g\000\040\000D\000a\000t\000a\000\040\000F\000r\000a\000m\000e\000s\000\040\000i\000n\000\040\000R}{chapter.2}% 49
\BOOKMARK [2][-]{subsection.2.20.1}{\376\377\000S\000t\000e\000p\000\040\0001\000:\000\040\000C\000r\000e\000a\000t\000e\000\040\000a\000\040\000D\000a\000t\000a\000\040\000F\000r\000a\000m\000e\000\040\000o\000f\000\040\000a\000\040\000C\000l\000a\000s\000s\000\040\000i\000n\000\040\000a\000\040\000S\000c\000h\000o\000o\000l}{section.2.20}% 50
\BOOKMARK [2][-]{subsection.2.20.2}{\376\377\000S\000t\000e\000p\000\040\0002\000:\000\040\000A\000d\000d\000\040\000t\000h\000e\000\040\000f\000o\000l\000l\000o\000w\000i\000n\000g\000\040\000l\000i\000n\000e\000\040\000t\000o\000\040\000o\000u\000r\000\040\000c\000o\000d\000e}{section.2.20}% 51
\BOOKMARK [2][-]{subsection.2.20.3}{\376\377\000S\000t\000e\000p\000\040\0003\000:\000\040\000U\000s\000e\000\040\000t\000h\000e\000\040\000s\000u\000m\000m\000a\000r\000y\000\050\000\051\000\040\000F\000u\000n\000c\000t\000i\000o\000n}{section.2.20}% 52
\BOOKMARK [1][-]{section.2.21}{\376\377\000M\000a\000t\000r\000i\000c\000e\000s\000\040\000i\000n\000\040\000R}{chapter.2}% 53
\BOOKMARK [2][-]{subsection.2.21.1}{\376\377\000E\000x\000t\000r\000a\000c\000t\000i\000n\000g\000\040\000R\000o\000w\000/\000C\000o\000l\000u\000m\000n\000\040\000f\000r\000o\000m\000\040\000M\000a\000t\000r\000i\000c\000e\000s}{section.2.21}% 54
\BOOKMARK [2][-]{subsection.2.21.2}{\376\377\000O\000p\000e\000r\000a\000t\000i\000o\000n\000s\000\040\000i\000n\000\040\000M\000a\000t\000r\000i\000c\000e\000s}{section.2.21}% 55
\BOOKMARK [2][-]{subsection.2.21.3}{\376\377\000T\000r\000a\000n\000s\000p\000o\000s\000i\000n\000g\000\040\000a\000\040\000M\000a\000t\000r\000i\000x}{section.2.21}% 56
\BOOKMARK [2][-]{subsection.2.21.4}{\376\377\000C\000o\000m\000m\000o\000n\000\040\000M\000a\000t\000r\000i\000x\000\040\000O\000p\000e\000r\000a\000t\000i\000o\000n\000s\000\040\000i\000n\000\040\000R}{section.2.21}% 57
\BOOKMARK [2][-]{subsection.2.21.5}{\376\377\000N\000a\000m\000i\000n\000g\000\040\000M\000a\000t\000r\000i\000x\000\040\000R\000o\000w\000s\000\040\000a\000n\000d\000\040\000C\000o\000l\000u\000m\000n\000s}{section.2.21}% 58
\BOOKMARK [1][-]{section.2.22}{\376\377\000F\000u\000n\000c\000t\000i\000o\000n\000s\000\040\000i\000n\000\040\000R}{chapter.2}% 59
\BOOKMARK [1][-]{section.2.23}{\376\377\000D\000a\000t\000a\000\040\000I\000m\000p\000o\000r\000t\000\040\000a\000n\000d\000\040\000E\000x\000p\000o\000r\000t}{chapter.2}% 60
\BOOKMARK [1][-]{section.2.24}{\376\377\000D\000a\000t\000a\000\040\000M\000a\000n\000i\000p\000u\000l\000a\000t\000i\000o\000n}{chapter.2}% 61
\BOOKMARK [1][-]{section.2.25}{\376\377\000D\000a\000t\000a\000\040\000V\000i\000s\000u\000a\000l\000i\000z\000a\000t\000i\000o\000n}{chapter.2}% 62
\BOOKMARK [1][-]{section.2.26}{\376\377\000P\000r\000o\000g\000r\000a\000m\000m\000i\000n\000g\000\040\000w\000i\000t\000h\000\040\000R}{chapter.2}% 63
\BOOKMARK [1][-]{section.2.27}{\376\377\000W\000o\000r\000k\000i\000n\000g\000\040\000w\000i\000t\000h\000\040\000P\000a\000c\000k\000a\000g\000e\000s}{chapter.2}% 64
\BOOKMARK [1][-]{section.2.28}{\376\377\000R\000\040\000M\000a\000r\000k\000d\000o\000w\000n}{chapter.2}% 65
\BOOKMARK [1][-]{section.2.29}{\376\377\000B\000a\000s\000i\000c\000\040\000P\000r\000o\000j\000e\000c\000t\000\040\000S\000t\000r\000u\000c\000t\000u\000r\000e}{chapter.2}% 66
\BOOKMARK [1][-]{section.2.30}{\376\377\000R\000e\000s\000o\000u\000r\000c\000e\000s\000\040\000f\000o\000r\000\040\000L\000e\000a\000r\000n\000i\000n\000g\000\040\000R}{chapter.2}% 67
\BOOKMARK [1][-]{section.2.31}{\376\377\000A\000d\000v\000a\000n\000c\000e\000d\000\040\000T\000o\000p\000i\000c\000s\000\040\000\050\000O\000p\000t\000i\000o\000n\000a\000l\000\051}{chapter.2}% 68
\BOOKMARK [0][-]{appendix.A}{\376\377\000A\000p\000p\000e\000n\000d\000i\000x\000\040\000A\000:\000\040\000L\000a\000T\000e\000X\000\040\000R\000e\000s\000o\000u\000r\000c\000e\000s}{}% 69
\BOOKMARK [0][-]{appendix.B}{\376\377\000A\000p\000p\000e\000n\000d\000i\000x\000\040\000B\000:\000\040\000C\000o\000m\000m\000o\000n\000\040\000L\000a\000T\000e\000X\000\040\000E\000r\000r\000o\000r\000s}{}% 70
